12:27 INFO    : Running for label 'me2017', output will be saved to 'me2017'
12:27 INFO    : Analysis priors:
12:27 INFO    : luminosity_distance=Uniform(minimum=0.0, maximum=200.0, name='luminosity_distance', latex_label='$D_L$', unit=None, boundary=None)
12:27 INFO    : beta=Uniform(minimum=1.0, maximum=5.0, name='beta', latex_label='$\\beta$', unit=None, boundary=None)
12:27 INFO    : log10_kappa_r=Uniform(minimum=-1.0, maximum=2.0, name='log10_kappa_r', latex_label='$\\log_{10}\\kappa_r$', unit=None, boundary=None)
12:27 INFO    : timeshift=Uniform(minimum=-2.0, maximum=1.0, name='trigger_time', latex_label='$t_0$', unit=None, boundary=None)
12:27 INFO    : log10_vej=Uniform(minimum=-2.0, maximum=-0.5, name='log10_vej', latex_label='$\\log_{10}v^{\\rm{ej}}$', unit=None, boundary=None)
12:27 INFO    : log10_mej=Uniform(minimum=-3.0, maximum=-0.5, name='log10_mej', latex_label='$\\log_{10}M^{\\rm{ej}}$', unit=None, boundary=None)
12:27 INFO    : Ebv=0.0
12:27 INFO    : Analysis likelihood class: <class 'nmma.em.likelihood.OpticalLightCurve'>
12:27 INFO    : Analysis likelihood noise evidence: 0.0
12:27 INFO    : Single likelihood evaluation took 8.212e-03 s
12:27 WARNING : Supplied argument 'queue_size' not an argument of 'Pymultinest', removing.
12:27 WARNING : Supplied argument 'check_point_delta_t' not an argument of 'Pymultinest', removing.
12:27 INFO    : Using sampler Pymultinest with kwargs {'importance_nested_sampling': False, 'resume': False, 'verbose': True, 'sampling_efficiency': 'parameter', 'n_live_points': 4096, 'n_params': 6, 'n_clustering_params': None, 'wrapped_params': None, 'multimodal': True, 'const_efficiency_mode': False, 'evidence_tolerance': 0.5, 'n_iter_before_update': 100, 'null_log_evidence': -1e+90, 'max_modes': 100, 'mode_tolerance': -1e+90, 'seed': 42, 'context': 0, 'write_output': True, 'log_zero': -1e+100, 'max_iter': 0, 'init_MPI': False, 'dump_callback': <bound method Pymultinest._dump_callback of <bilby.core.sampler.pymultinest.Pymultinest object at 0x71b3e8345720>>}
12:27 INFO    : Global meta data was removed from the result object for compatibility. Use the `BILBY_INCLUDE_GLOBAL_METADATA` environment variable to include it. This behaviour will be removed in a future release. For more details see: https://bilby-dev.github.io/bilby/faq.html#global-meta-data
12:27 INFO    : Using temporary file /tmp/tmp9qfsbm7h
12:27 INFO    : Overwriting me2017/pm_me2017/ with /tmp/tmp9qfsbm7h/
12:28 INFO    : Overwriting me2017/pm_me2017/ with /tmp/tmp9qfsbm7h/
12:28 INFO    : Overwriting me2017/pm_me2017/ with /tmp/tmp9qfsbm7h/
12:28 INFO    : Overwriting me2017/pm_me2017/ with /tmp/tmp9qfsbm7h/
12:29 INFO    : Overwriting me2017/pm_me2017/ with /tmp/tmp9qfsbm7h/
12:29 INFO    : Overwriting me2017/pm_me2017/ with /tmp/tmp9qfsbm7h/
12:29 INFO    : Overwriting me2017/pm_me2017/ with /tmp/tmp9qfsbm7h/
12:30 INFO    : Overwriting me2017/pm_me2017/ with /tmp/tmp9qfsbm7h/
12:30 INFO    : Overwriting me2017/pm_me2017/ with /tmp/tmp9qfsbm7h/
12:30 INFO    : Overwriting me2017/pm_me2017/ with /tmp/tmp9qfsbm7h/
12:31 INFO    : Overwriting me2017/pm_me2017/ with /tmp/tmp9qfsbm7h/
12:31 INFO    : Overwriting me2017/pm_me2017/ with /tmp/tmp9qfsbm7h/
12:31 INFO    : Overwriting me2017/pm_me2017/ with /tmp/tmp9qfsbm7h/
12:32 INFO    : Overwriting me2017/pm_me2017/ with /tmp/tmp9qfsbm7h/
12:32 INFO    : Overwriting me2017/pm_me2017/ with /tmp/tmp9qfsbm7h/
12:32 INFO    : Overwriting me2017/pm_me2017/ with /tmp/tmp9qfsbm7h/
12:33 INFO    : Overwriting me2017/pm_me2017/ with /tmp/tmp9qfsbm7h/
12:33 INFO    : Overwriting me2017/pm_me2017/ with /tmp/tmp9qfsbm7h/
12:33 INFO    : Overwriting me2017/pm_me2017/ with /tmp/tmp9qfsbm7h/
12:34 INFO    : Overwriting me2017/pm_me2017/ with /tmp/tmp9qfsbm7h/
12:34 INFO    : Overwriting me2017/pm_me2017/ with /tmp/tmp9qfsbm7h/
12:35 INFO    : Overwriting me2017/pm_me2017/ with /tmp/tmp9qfsbm7h/
12:35 INFO    : Overwriting me2017/pm_me2017/ with /tmp/tmp9qfsbm7h/
12:35 INFO    : Overwriting me2017/pm_me2017/ with /tmp/tmp9qfsbm7h/
12:36 INFO    : Overwriting me2017/pm_me2017/ with /tmp/tmp9qfsbm7h/
12:36 INFO    : Overwriting me2017/pm_me2017/ with /tmp/tmp9qfsbm7h/
12:37 INFO    : Overwriting me2017/pm_me2017/ with /tmp/tmp9qfsbm7h/
12:37 INFO    : Overwriting me2017/pm_me2017/ with /tmp/tmp9qfsbm7h/
12:38 INFO    : Overwriting me2017/pm_me2017/ with /tmp/tmp9qfsbm7h/
12:38 INFO    : Overwriting me2017/pm_me2017/ with /tmp/tmp9qfsbm7h/
12:38 INFO    : Overwriting me2017/pm_me2017/ with /tmp/tmp9qfsbm7h/
12:39 INFO    : Overwriting me2017/pm_me2017/ with /tmp/tmp9qfsbm7h/
12:39 INFO    : Overwriting me2017/pm_me2017/ with /tmp/tmp9qfsbm7h/
12:40 INFO    : Overwriting me2017/pm_me2017/ with /tmp/tmp9qfsbm7h/
12:40 INFO    : Overwriting me2017/pm_me2017/ with /tmp/tmp9qfsbm7h/
12:41 INFO    : Overwriting me2017/pm_me2017/ with /tmp/tmp9qfsbm7h/
12:41 INFO    : Overwriting me2017/pm_me2017/ with /tmp/tmp9qfsbm7h/
12:42 INFO    : Overwriting me2017/pm_me2017/ with /tmp/tmp9qfsbm7h/
12:42 INFO    : Overwriting me2017/pm_me2017/ with /tmp/tmp9qfsbm7h/
12:43 INFO    : Overwriting me2017/pm_me2017/ with /tmp/tmp9qfsbm7h/
12:43 INFO    : Overwriting me2017/pm_me2017/ with /tmp/tmp9qfsbm7h/
12:44 INFO    : Overwriting me2017/pm_me2017/ with /tmp/tmp9qfsbm7h/
12:45 INFO    : Overwriting me2017/pm_me2017/ with /tmp/tmp9qfsbm7h/
12:45 INFO    : Overwriting me2017/pm_me2017/ with /tmp/tmp9qfsbm7h/
12:46 INFO    : Overwriting me2017/pm_me2017/ with /tmp/tmp9qfsbm7h/
12:46 INFO    : Overwriting me2017/pm_me2017/ with /tmp/tmp9qfsbm7h/
12:47 INFO    : Overwriting me2017/pm_me2017/ with /tmp/tmp9qfsbm7h/
12:47 INFO    : Overwriting me2017/pm_me2017/ with /tmp/tmp9qfsbm7h/
12:48 INFO    : Overwriting me2017/pm_me2017/ with /tmp/tmp9qfsbm7h/
12:48 INFO    : Overwriting me2017/pm_me2017/ with /tmp/tmp9qfsbm7h/
12:48 INFO    : Overwriting me2017/pm_me2017/ with /tmp/tmp9qfsbm7h/
12:48 INFO    : Overwriting me2017/pm_me2017/ with /tmp/tmp9qfsbm7h/
12:48 INFO    : Sampling time: 0:21:26.398380
12:48 INFO    : Summary of results:
nsamples: 23638
ln_noise_evidence:  0.000
ln_evidence: -191.934 +/-  0.045
ln_bayes_factor: -191.934 +/-  0.045

12:48 INFO    : Writing samples file to /home/liteul/memoir_code/me2017/me2017_posterior_samples.dat
