11:16 INFO    : Running for label 'Thom_like', output will be saved to '1err_Thomus'
11:16 INFO    : Analysis priors:
11:16 INFO    : KNphi=Uniform(minimum=15.0, maximum=75.0, name='KNphi', latex_label='$\\Phi$', unit=None, boundary=None)
11:16 INFO    : log10_mej_dyn=Uniform(minimum=-3.0, maximum=-1.0, name='log10_mej_dyn', latex_label='$\\log_{10}M^{\\rm{dyn}}_{\\rm{ej}}$', unit=None, boundary='reflective')
11:16 INFO    : log10_mej_wind=Uniform(minimum=-3.0, maximum=-0.5, name='log10_mej_wind', latex_label='$\\log_{10}M^{\\rm{wind}}_{\\rm{ej}}$', unit=None, boundary='reflective')
11:16 INFO    : inclination_EM=Sine(minimum=0.0, maximum=1.5707963267948966, name='inclination_EM', latex_label='$\\iota$', unit=None, boundary=None)
11:16 INFO    : luminosity_distance=LogUniform(minimum=1, maximum=500, name='luminosity_distance', latex_label='$D_L$', unit=None, boundary=None)
11:16 INFO    : timeshift=0.0
11:16 INFO    : em_syserr=1.0
11:16 INFO    : Ebv=0.0
11:16 INFO    : Analysis likelihood class: <class 'nmma.em.likelihood.OpticalLightCurve'>
11:16 INFO    : Analysis likelihood noise evidence: 0.0
11:16 INFO    : Single likelihood evaluation took 8.311e-02 s
11:16 WARNING : Supplied argument 'queue_size' not an argument of 'Pymultinest', removing.
11:16 WARNING : Supplied argument 'check_point_delta_t' not an argument of 'Pymultinest', removing.
11:16 INFO    : Using sampler Pymultinest with kwargs {'importance_nested_sampling': False, 'resume': True, 'verbose': True, 'sampling_efficiency': 'parameter', 'n_live_points': 2048, 'n_params': 5, 'n_clustering_params': None, 'wrapped_params': None, 'multimodal': True, 'const_efficiency_mode': False, 'evidence_tolerance': 0.5, 'n_iter_before_update': 100, 'null_log_evidence': -1e+90, 'max_modes': 100, 'mode_tolerance': -1e+90, 'seed': 42, 'context': 0, 'write_output': True, 'log_zero': -1e+100, 'max_iter': 0, 'init_MPI': False, 'dump_callback': <bound method Pymultinest._dump_callback of <bilby.core.sampler.pymultinest.Pymultinest object at 0x76d62a9e79a0>>}
11:16 INFO    : Global meta data was removed from the result object for compatibility. Use the `BILBY_INCLUDE_GLOBAL_METADATA` environment variable to include it. This behaviour will be removed in a future release. For more details see: https://bilby-dev.github.io/bilby/faq.html#global-meta-data
11:16 INFO    : Using temporary file /tmp/tmpm4u3mh4t
11:22 INFO    : Overwriting 1err_Thomus/pm_Thom_like/ with /tmp/tmpm4u3mh4t/
11:23 INFO    : Overwriting 1err_Thomus/pm_Thom_like/ with /tmp/tmpm4u3mh4t/
11:25 INFO    : Overwriting 1err_Thomus/pm_Thom_like/ with /tmp/tmpm4u3mh4t/
11:27 INFO    : Overwriting 1err_Thomus/pm_Thom_like/ with /tmp/tmpm4u3mh4t/
11:28 INFO    : Overwriting 1err_Thomus/pm_Thom_like/ with /tmp/tmpm4u3mh4t/
11:30 INFO    : Overwriting 1err_Thomus/pm_Thom_like/ with /tmp/tmpm4u3mh4t/
11:32 INFO    : Overwriting 1err_Thomus/pm_Thom_like/ with /tmp/tmpm4u3mh4t/
11:34 INFO    : Overwriting 1err_Thomus/pm_Thom_like/ with /tmp/tmpm4u3mh4t/
11:36 INFO    : Overwriting 1err_Thomus/pm_Thom_like/ with /tmp/tmpm4u3mh4t/
11:38 INFO    : Overwriting 1err_Thomus/pm_Thom_like/ with /tmp/tmpm4u3mh4t/
11:41 INFO    : Overwriting 1err_Thomus/pm_Thom_like/ with /tmp/tmpm4u3mh4t/
11:43 INFO    : Overwriting 1err_Thomus/pm_Thom_like/ with /tmp/tmpm4u3mh4t/
11:45 INFO    : Overwriting 1err_Thomus/pm_Thom_like/ with /tmp/tmpm4u3mh4t/
11:47 INFO    : Overwriting 1err_Thomus/pm_Thom_like/ with /tmp/tmpm4u3mh4t/
11:50 INFO    : Overwriting 1err_Thomus/pm_Thom_like/ with /tmp/tmpm4u3mh4t/
11:53 INFO    : Overwriting 1err_Thomus/pm_Thom_like/ with /tmp/tmpm4u3mh4t/
11:56 INFO    : Overwriting 1err_Thomus/pm_Thom_like/ with /tmp/tmpm4u3mh4t/
11:59 INFO    : Overwriting 1err_Thomus/pm_Thom_like/ with /tmp/tmpm4u3mh4t/
12:02 INFO    : Overwriting 1err_Thomus/pm_Thom_like/ with /tmp/tmpm4u3mh4t/
12:05 INFO    : Overwriting 1err_Thomus/pm_Thom_like/ with /tmp/tmpm4u3mh4t/
12:08 INFO    : Overwriting 1err_Thomus/pm_Thom_like/ with /tmp/tmpm4u3mh4t/
12:11 INFO    : Overwriting 1err_Thomus/pm_Thom_like/ with /tmp/tmpm4u3mh4t/
12:14 INFO    : Overwriting 1err_Thomus/pm_Thom_like/ with /tmp/tmpm4u3mh4t/
12:17 INFO    : Overwriting 1err_Thomus/pm_Thom_like/ with /tmp/tmpm4u3mh4t/
12:19 INFO    : Overwriting 1err_Thomus/pm_Thom_like/ with /tmp/tmpm4u3mh4t/
12:22 INFO    : Overwriting 1err_Thomus/pm_Thom_like/ with /tmp/tmpm4u3mh4t/
12:22 INFO    : Overwriting 1err_Thomus/pm_Thom_like/ with /tmp/tmpm4u3mh4t/
12:22 INFO    : Overwriting 1err_Thomus/pm_Thom_like/ with /tmp/tmpm4u3mh4t/
12:22 INFO    : Sampling time: 1:05:45.646549
12:22 INFO    : Summary of results:
nsamples: 12502
ln_noise_evidence:  0.000
ln_evidence: -164.559 +/-  0.065
ln_bayes_factor: -164.559 +/-  0.065

12:22 INFO    : Writing samples file to /home/liteul/memoir_code/1err_Thomus/Thom_like_posterior_samples.dat
