17:53 INFO    : Running for label '170817_large_kappa', output will be saved to '170817_large_priors/Kappa'
17:53 INFO    : Analysis priors:
17:53 INFO    : KNphi=Uniform(minimum=15.0, maximum=75.0, name='KNphi', latex_label='$\\Phi$', unit=None, boundary=None)
17:53 INFO    : log10_mej_dyn=Uniform(minimum=-3.0, maximum=-1.0, name='log10_mej_dyn', latex_label='$\\log_{10}M^{\\rm{dyn}}_{\\rm{ej}}$', unit=None, boundary='reflective')
17:53 INFO    : log10_mej_wind=Uniform(minimum=-3.0, maximum=-0.5, name='log10_mej_wind', latex_label='$\\log_{10}M^{\\rm{wind}}_{\\rm{ej}}$', unit=None, boundary='reflective')
17:53 INFO    : inclination_EM=Sine(minimum=0.0, maximum=1.5707963267948966, name='inclination_EM', latex_label='$\\iota$', unit=None, boundary=None)
17:53 INFO    : luminosity_distance=Uniform(minimum=0, maximum=500, name='luminosity_distance', latex_label='$D_L$', unit=None, boundary=None)
17:53 INFO    : timeshift=Uniform(minimum=-2, maximum=1, name='timeshift', latex_label='t', unit=None, boundary=None)
17:53 INFO    : log10_kappa_r=Uniform(minimum=-1.0, maximum=2.0, name='log10_kappa_r', latex_label='$\\log_{10}\\kappa_r$', unit=None, boundary=None)
17:53 INFO    : Ebv=0.0
17:53 INFO    : Analysis likelihood class: <class 'nmma.em.likelihood.OpticalLightCurve'>
17:53 INFO    : Analysis likelihood noise evidence: 0.0
17:53 INFO    : Single likelihood evaluation took 6.012e-02 s
17:53 WARNING : Supplied argument 'queue_size' not an argument of 'Pymultinest', removing.
17:53 WARNING : Supplied argument 'check_point_delta_t' not an argument of 'Pymultinest', removing.
17:53 INFO    : Using sampler Pymultinest with kwargs {'importance_nested_sampling': False, 'resume': False, 'verbose': True, 'sampling_efficiency': 'parameter', 'n_live_points': 4096, 'n_params': 7, 'n_clustering_params': None, 'wrapped_params': None, 'multimodal': True, 'const_efficiency_mode': False, 'evidence_tolerance': 0.5, 'n_iter_before_update': 100, 'null_log_evidence': -1e+90, 'max_modes': 100, 'mode_tolerance': -1e+90, 'seed': 42, 'context': 0, 'write_output': True, 'log_zero': -1e+100, 'max_iter': 0, 'init_MPI': False, 'dump_callback': <bound method Pymultinest._dump_callback of <bilby.core.sampler.pymultinest.Pymultinest object at 0x7980c0ddbeb0>>}
17:53 INFO    : Global meta data was removed from the result object for compatibility. Use the `BILBY_INCLUDE_GLOBAL_METADATA` environment variable to include it. This behaviour will be removed in a future release. For more details see: https://bilby-dev.github.io/bilby/faq.html#global-meta-data
17:53 INFO    : Using temporary file /tmp/tmp57jk2it3
17:58 INFO    : Overwriting 170817_large_priors/Kappa/pm_170817_large_kappa/ with /tmp/tmp57jk2it3/
17:59 INFO    : Overwriting 170817_large_priors/Kappa/pm_170817_large_kappa/ with /tmp/tmp57jk2it3/
18:01 INFO    : Overwriting 170817_large_priors/Kappa/pm_170817_large_kappa/ with /tmp/tmp57jk2it3/
18:02 INFO    : Overwriting 170817_large_priors/Kappa/pm_170817_large_kappa/ with /tmp/tmp57jk2it3/
18:04 INFO    : Overwriting 170817_large_priors/Kappa/pm_170817_large_kappa/ with /tmp/tmp57jk2it3/
18:05 INFO    : Overwriting 170817_large_priors/Kappa/pm_170817_large_kappa/ with /tmp/tmp57jk2it3/
18:07 INFO    : Overwriting 170817_large_priors/Kappa/pm_170817_large_kappa/ with /tmp/tmp57jk2it3/
18:09 INFO    : Overwriting 170817_large_priors/Kappa/pm_170817_large_kappa/ with /tmp/tmp57jk2it3/
18:11 INFO    : Overwriting 170817_large_priors/Kappa/pm_170817_large_kappa/ with /tmp/tmp57jk2it3/
18:12 INFO    : Overwriting 170817_large_priors/Kappa/pm_170817_large_kappa/ with /tmp/tmp57jk2it3/
18:14 INFO    : Overwriting 170817_large_priors/Kappa/pm_170817_large_kappa/ with /tmp/tmp57jk2it3/
18:16 INFO    : Overwriting 170817_large_priors/Kappa/pm_170817_large_kappa/ with /tmp/tmp57jk2it3/
18:18 INFO    : Overwriting 170817_large_priors/Kappa/pm_170817_large_kappa/ with /tmp/tmp57jk2it3/
18:20 INFO    : Overwriting 170817_large_priors/Kappa/pm_170817_large_kappa/ with /tmp/tmp57jk2it3/
18:22 INFO    : Overwriting 170817_large_priors/Kappa/pm_170817_large_kappa/ with /tmp/tmp57jk2it3/
18:24 INFO    : Overwriting 170817_large_priors/Kappa/pm_170817_large_kappa/ with /tmp/tmp57jk2it3/
18:26 INFO    : Overwriting 170817_large_priors/Kappa/pm_170817_large_kappa/ with /tmp/tmp57jk2it3/
18:28 INFO    : Overwriting 170817_large_priors/Kappa/pm_170817_large_kappa/ with /tmp/tmp57jk2it3/
18:30 INFO    : Overwriting 170817_large_priors/Kappa/pm_170817_large_kappa/ with /tmp/tmp57jk2it3/
18:33 INFO    : Overwriting 170817_large_priors/Kappa/pm_170817_large_kappa/ with /tmp/tmp57jk2it3/
18:35 INFO    : Overwriting 170817_large_priors/Kappa/pm_170817_large_kappa/ with /tmp/tmp57jk2it3/
18:37 INFO    : Overwriting 170817_large_priors/Kappa/pm_170817_large_kappa/ with /tmp/tmp57jk2it3/
18:39 INFO    : Overwriting 170817_large_priors/Kappa/pm_170817_large_kappa/ with /tmp/tmp57jk2it3/
18:42 INFO    : Overwriting 170817_large_priors/Kappa/pm_170817_large_kappa/ with /tmp/tmp57jk2it3/
18:44 INFO    : Overwriting 170817_large_priors/Kappa/pm_170817_large_kappa/ with /tmp/tmp57jk2it3/
18:46 INFO    : Overwriting 170817_large_priors/Kappa/pm_170817_large_kappa/ with /tmp/tmp57jk2it3/
18:49 INFO    : Overwriting 170817_large_priors/Kappa/pm_170817_large_kappa/ with /tmp/tmp57jk2it3/
18:51 INFO    : Overwriting 170817_large_priors/Kappa/pm_170817_large_kappa/ with /tmp/tmp57jk2it3/
18:54 INFO    : Overwriting 170817_large_priors/Kappa/pm_170817_large_kappa/ with /tmp/tmp57jk2it3/
18:57 INFO    : Overwriting 170817_large_priors/Kappa/pm_170817_large_kappa/ with /tmp/tmp57jk2it3/
18:59 INFO    : Overwriting 170817_large_priors/Kappa/pm_170817_large_kappa/ with /tmp/tmp57jk2it3/
19:02 INFO    : Overwriting 170817_large_priors/Kappa/pm_170817_large_kappa/ with /tmp/tmp57jk2it3/
19:05 INFO    : Overwriting 170817_large_priors/Kappa/pm_170817_large_kappa/ with /tmp/tmp57jk2it3/
19:08 INFO    : Overwriting 170817_large_priors/Kappa/pm_170817_large_kappa/ with /tmp/tmp57jk2it3/
19:11 INFO    : Overwriting 170817_large_priors/Kappa/pm_170817_large_kappa/ with /tmp/tmp57jk2it3/
19:13 INFO    : Overwriting 170817_large_priors/Kappa/pm_170817_large_kappa/ with /tmp/tmp57jk2it3/
19:16 INFO    : Overwriting 170817_large_priors/Kappa/pm_170817_large_kappa/ with /tmp/tmp57jk2it3/
19:19 INFO    : Overwriting 170817_large_priors/Kappa/pm_170817_large_kappa/ with /tmp/tmp57jk2it3/
19:23 INFO    : Overwriting 170817_large_priors/Kappa/pm_170817_large_kappa/ with /tmp/tmp57jk2it3/
19:23 INFO    : Overwriting 170817_large_priors/Kappa/pm_170817_large_kappa/ with /tmp/tmp57jk2it3/
19:23 INFO    : Overwriting 170817_large_priors/Kappa/pm_170817_large_kappa/ with /tmp/tmp57jk2it3/
19:23 INFO    : Overwriting 170817_large_priors/Kappa/pm_170817_large_kappa/ with /tmp/tmp57jk2it3/
19:23 INFO    : Sampling time: 1:29:57.738702
19:23 INFO    : Summary of results:
nsamples: 18480
ln_noise_evidence:  0.000
ln_evidence: -188.017 +/-  0.040
ln_bayes_factor: -188.017 +/-  0.040

19:23 INFO    : Writing samples file to /home/liteul/memoir_code/170817_large_priors/Kappa/170817_large_kappa_posterior_samples.dat
