16:53 INFO    : Running for label '4096dist_prior', output will be saved to '170817_dist_priors'
16:54 INFO    : Analysis priors:
16:54 INFO    : KNphi=Uniform(minimum=15.0, maximum=75.0, name='KNphi', latex_label='$\\Phi$', unit=None, boundary=None)
16:54 INFO    : log10_mej_dyn=Uniform(minimum=-3.0, maximum=-1.0, name='log10_mej_dyn', latex_label='$\\log_{10}M^{\\rm{dyn}}_{\\rm{ej}}$', unit=None, boundary='reflective')
16:54 INFO    : log10_mej_wind=Uniform(minimum=-3.0, maximum=-0.5, name='log10_mej_wind', latex_label='$\\log_{10}M^{\\rm{wind}}_{\\rm{ej}}$', unit=None, boundary='reflective')
16:54 INFO    : inclination_EM=Sine(minimum=0.0, maximum=1.5707963267948966, name='inclination_EM', latex_label='$\\iota$', unit=None, boundary=None)
16:54 INFO    : luminosity_distance=Uniform(minimum=35, maximum=45, name='luminosity_distance', latex_label='$D_L$', unit=None, boundary=None)
16:54 INFO    : timeshift=Uniform(minimum=-2, maximum=0, name='timeshift', latex_label='t', unit=None, boundary=None)
16:54 INFO    : Ebv=0.0
16:54 INFO    : Analysis likelihood class: <class 'nmma.em.likelihood.OpticalLightCurve'>
16:54 INFO    : Analysis likelihood noise evidence: 0.0
16:54 INFO    : Single likelihood evaluation took 2.688e-02 s
16:54 WARNING : Supplied argument 'queue_size' not an argument of 'Pymultinest', removing.
16:54 WARNING : Supplied argument 'check_point_delta_t' not an argument of 'Pymultinest', removing.
16:54 INFO    : Using sampler Pymultinest with kwargs {'importance_nested_sampling': False, 'resume': False, 'verbose': True, 'sampling_efficiency': 'parameter', 'n_live_points': 4096, 'n_params': 6, 'n_clustering_params': None, 'wrapped_params': None, 'multimodal': True, 'const_efficiency_mode': False, 'evidence_tolerance': 0.5, 'n_iter_before_update': 100, 'null_log_evidence': -1e+90, 'max_modes': 100, 'mode_tolerance': -1e+90, 'seed': 42, 'context': 0, 'write_output': True, 'log_zero': -1e+100, 'max_iter': 0, 'init_MPI': False, 'dump_callback': <bound method Pymultinest._dump_callback of <bilby.core.sampler.pymultinest.Pymultinest object at 0x7bcda8707070>>}
16:54 INFO    : Global meta data was removed from the result object for compatibility. Use the `BILBY_INCLUDE_GLOBAL_METADATA` environment variable to include it. This behaviour will be removed in a future release. For more details see: https://bilby-dev.github.io/bilby/faq.html#global-meta-data
16:54 INFO    : Using temporary file /tmp/tmplqa_y8ow
16:56 INFO    : Overwriting 170817_dist_priors/pm_4096dist_prior/ with /tmp/tmplqa_y8ow/
16:57 INFO    : Overwriting 170817_dist_priors/pm_4096dist_prior/ with /tmp/tmplqa_y8ow/
16:57 INFO    : Overwriting 170817_dist_priors/pm_4096dist_prior/ with /tmp/tmplqa_y8ow/
16:58 INFO    : Overwriting 170817_dist_priors/pm_4096dist_prior/ with /tmp/tmplqa_y8ow/
16:59 INFO    : Overwriting 170817_dist_priors/pm_4096dist_prior/ with /tmp/tmplqa_y8ow/
17:00 INFO    : Overwriting 170817_dist_priors/pm_4096dist_prior/ with /tmp/tmplqa_y8ow/
17:01 INFO    : Overwriting 170817_dist_priors/pm_4096dist_prior/ with /tmp/tmplqa_y8ow/
17:02 INFO    : Overwriting 170817_dist_priors/pm_4096dist_prior/ with /tmp/tmplqa_y8ow/
17:03 INFO    : Overwriting 170817_dist_priors/pm_4096dist_prior/ with /tmp/tmplqa_y8ow/
17:04 INFO    : Overwriting 170817_dist_priors/pm_4096dist_prior/ with /tmp/tmplqa_y8ow/
17:05 INFO    : Overwriting 170817_dist_priors/pm_4096dist_prior/ with /tmp/tmplqa_y8ow/
17:06 INFO    : Overwriting 170817_dist_priors/pm_4096dist_prior/ with /tmp/tmplqa_y8ow/
17:06 INFO    : Overwriting 170817_dist_priors/pm_4096dist_prior/ with /tmp/tmplqa_y8ow/
17:07 INFO    : Overwriting 170817_dist_priors/pm_4096dist_prior/ with /tmp/tmplqa_y8ow/
17:08 INFO    : Overwriting 170817_dist_priors/pm_4096dist_prior/ with /tmp/tmplqa_y8ow/
17:10 INFO    : Overwriting 170817_dist_priors/pm_4096dist_prior/ with /tmp/tmplqa_y8ow/
17:11 INFO    : Overwriting 170817_dist_priors/pm_4096dist_prior/ with /tmp/tmplqa_y8ow/
17:12 INFO    : Overwriting 170817_dist_priors/pm_4096dist_prior/ with /tmp/tmplqa_y8ow/
17:13 INFO    : Overwriting 170817_dist_priors/pm_4096dist_prior/ with /tmp/tmplqa_y8ow/
17:14 INFO    : Overwriting 170817_dist_priors/pm_4096dist_prior/ with /tmp/tmplqa_y8ow/
17:15 INFO    : Overwriting 170817_dist_priors/pm_4096dist_prior/ with /tmp/tmplqa_y8ow/
17:16 INFO    : Overwriting 170817_dist_priors/pm_4096dist_prior/ with /tmp/tmplqa_y8ow/
17:17 INFO    : Overwriting 170817_dist_priors/pm_4096dist_prior/ with /tmp/tmplqa_y8ow/
17:18 INFO    : Overwriting 170817_dist_priors/pm_4096dist_prior/ with /tmp/tmplqa_y8ow/
17:19 INFO    : Overwriting 170817_dist_priors/pm_4096dist_prior/ with /tmp/tmplqa_y8ow/
17:21 INFO    : Overwriting 170817_dist_priors/pm_4096dist_prior/ with /tmp/tmplqa_y8ow/
17:22 INFO    : Overwriting 170817_dist_priors/pm_4096dist_prior/ with /tmp/tmplqa_y8ow/
17:23 INFO    : Overwriting 170817_dist_priors/pm_4096dist_prior/ with /tmp/tmplqa_y8ow/
17:24 INFO    : Overwriting 170817_dist_priors/pm_4096dist_prior/ with /tmp/tmplqa_y8ow/
17:24 INFO    : Overwriting 170817_dist_priors/pm_4096dist_prior/ with /tmp/tmplqa_y8ow/
17:24 INFO    : Overwriting 170817_dist_priors/pm_4096dist_prior/ with /tmp/tmplqa_y8ow/
17:24 INFO    : Overwriting 170817_dist_priors/pm_4096dist_prior/ with /tmp/tmplqa_y8ow/
17:24 INFO    : Sampling time: 0:30:53.802363
17:25 INFO    : Summary of results:
nsamples: 20274
ln_noise_evidence:  0.000
ln_evidence: -185.897 +/-  0.031
ln_bayes_factor: -185.897 +/-  0.031

17:25 INFO    : Writing samples file to /home/liteul/memoir_code/170817_dist_priors/4096dist_prior_posterior_samples.dat
