18:25 INFO    : Running for label '4096incl_prior', output will be saved to '170817_incl_priors'
18:25 INFO    : Analysis priors:
18:25 INFO    : KNphi=Uniform(minimum=15.0, maximum=75.0, name='KNphi', latex_label='$\\Phi$', unit=None, boundary=None)
18:25 INFO    : log10_mej_dyn=Uniform(minimum=-3.0, maximum=-1.0, name='log10_mej_dyn', latex_label='$\\log_{10}M^{\\rm{dyn}}_{\\rm{ej}}$', unit=None, boundary='reflective')
18:25 INFO    : log10_mej_wind=Uniform(minimum=-3.0, maximum=-0.5, name='log10_mej_wind', latex_label='$\\log_{10}M^{\\rm{wind}}_{\\rm{ej}}$', unit=None, boundary='reflective')
18:25 INFO    : inclination_EM=Uniform(minimum=0.91, maximum=0.95, name='inclination_EM', latex_label='$cos\\iota$', unit=None, boundary=None)
18:25 INFO    : luminosity_distance=Uniform(minimum=35, maximum=45, name='luminosity_distance', latex_label='$D_L$', unit=None, boundary=None)
18:25 INFO    : timeshift=Uniform(minimum=-2, maximum=0, name='timeshift', latex_label='t', unit=None, boundary=None)
18:25 INFO    : Ebv=0.0
18:25 INFO    : Analysis likelihood class: <class 'nmma.em.likelihood.OpticalLightCurve'>
18:25 INFO    : Analysis likelihood noise evidence: 0.0
18:25 INFO    : Single likelihood evaluation took 2.909e-02 s
18:25 WARNING : Supplied argument 'queue_size' not an argument of 'Pymultinest', removing.
18:25 WARNING : Supplied argument 'check_point_delta_t' not an argument of 'Pymultinest', removing.
18:25 INFO    : Using sampler Pymultinest with kwargs {'importance_nested_sampling': False, 'resume': False, 'verbose': True, 'sampling_efficiency': 'parameter', 'n_live_points': 4096, 'n_params': 6, 'n_clustering_params': None, 'wrapped_params': None, 'multimodal': True, 'const_efficiency_mode': False, 'evidence_tolerance': 0.5, 'n_iter_before_update': 100, 'null_log_evidence': -1e+90, 'max_modes': 100, 'mode_tolerance': -1e+90, 'seed': 42, 'context': 0, 'write_output': True, 'log_zero': -1e+100, 'max_iter': 0, 'init_MPI': False, 'dump_callback': <bound method Pymultinest._dump_callback of <bilby.core.sampler.pymultinest.Pymultinest object at 0x7edbb41972e0>>}
18:25 INFO    : Global meta data was removed from the result object for compatibility. Use the `BILBY_INCLUDE_GLOBAL_METADATA` environment variable to include it. This behaviour will be removed in a future release. For more details see: https://bilby-dev.github.io/bilby/faq.html#global-meta-data
18:25 INFO    : Using temporary file /tmp/tmpjcvte10b
18:27 INFO    : Overwriting 170817_incl_priors/pm_4096incl_prior/ with /tmp/tmpjcvte10b/
18:28 INFO    : Overwriting 170817_incl_priors/pm_4096incl_prior/ with /tmp/tmpjcvte10b/
18:29 INFO    : Overwriting 170817_incl_priors/pm_4096incl_prior/ with /tmp/tmpjcvte10b/
18:30 INFO    : Overwriting 170817_incl_priors/pm_4096incl_prior/ with /tmp/tmpjcvte10b/
18:30 INFO    : Overwriting 170817_incl_priors/pm_4096incl_prior/ with /tmp/tmpjcvte10b/
18:31 INFO    : Overwriting 170817_incl_priors/pm_4096incl_prior/ with /tmp/tmpjcvte10b/
18:32 INFO    : Overwriting 170817_incl_priors/pm_4096incl_prior/ with /tmp/tmpjcvte10b/
18:33 INFO    : Overwriting 170817_incl_priors/pm_4096incl_prior/ with /tmp/tmpjcvte10b/
18:34 INFO    : Overwriting 170817_incl_priors/pm_4096incl_prior/ with /tmp/tmpjcvte10b/
18:35 INFO    : Overwriting 170817_incl_priors/pm_4096incl_prior/ with /tmp/tmpjcvte10b/
18:36 INFO    : Overwriting 170817_incl_priors/pm_4096incl_prior/ with /tmp/tmpjcvte10b/
18:37 INFO    : Overwriting 170817_incl_priors/pm_4096incl_prior/ with /tmp/tmpjcvte10b/
18:38 INFO    : Overwriting 170817_incl_priors/pm_4096incl_prior/ with /tmp/tmpjcvte10b/
18:39 INFO    : Overwriting 170817_incl_priors/pm_4096incl_prior/ with /tmp/tmpjcvte10b/
18:40 INFO    : Overwriting 170817_incl_priors/pm_4096incl_prior/ with /tmp/tmpjcvte10b/
18:41 INFO    : Overwriting 170817_incl_priors/pm_4096incl_prior/ with /tmp/tmpjcvte10b/
18:42 INFO    : Overwriting 170817_incl_priors/pm_4096incl_prior/ with /tmp/tmpjcvte10b/
18:43 INFO    : Overwriting 170817_incl_priors/pm_4096incl_prior/ with /tmp/tmpjcvte10b/
18:44 INFO    : Overwriting 170817_incl_priors/pm_4096incl_prior/ with /tmp/tmpjcvte10b/
18:45 INFO    : Overwriting 170817_incl_priors/pm_4096incl_prior/ with /tmp/tmpjcvte10b/
18:46 INFO    : Overwriting 170817_incl_priors/pm_4096incl_prior/ with /tmp/tmpjcvte10b/
18:47 INFO    : Overwriting 170817_incl_priors/pm_4096incl_prior/ with /tmp/tmpjcvte10b/
18:49 INFO    : Overwriting 170817_incl_priors/pm_4096incl_prior/ with /tmp/tmpjcvte10b/
18:50 INFO    : Overwriting 170817_incl_priors/pm_4096incl_prior/ with /tmp/tmpjcvte10b/
18:52 INFO    : Overwriting 170817_incl_priors/pm_4096incl_prior/ with /tmp/tmpjcvte10b/
18:53 INFO    : Overwriting 170817_incl_priors/pm_4096incl_prior/ with /tmp/tmpjcvte10b/
18:54 INFO    : Overwriting 170817_incl_priors/pm_4096incl_prior/ with /tmp/tmpjcvte10b/
18:56 INFO    : Overwriting 170817_incl_priors/pm_4096incl_prior/ with /tmp/tmpjcvte10b/
18:57 INFO    : Overwriting 170817_incl_priors/pm_4096incl_prior/ with /tmp/tmpjcvte10b/
18:57 INFO    : Overwriting 170817_incl_priors/pm_4096incl_prior/ with /tmp/tmpjcvte10b/
18:57 INFO    : Overwriting 170817_incl_priors/pm_4096incl_prior/ with /tmp/tmpjcvte10b/
18:57 INFO    : Overwriting 170817_incl_priors/pm_4096incl_prior/ with /tmp/tmpjcvte10b/
18:57 INFO    : Sampling time: 0:32:28.083893
18:57 INFO    : Summary of results:
nsamples: 20772
ln_noise_evidence:  0.000
ln_evidence: -186.021 +/-  0.031
ln_bayes_factor: -186.021 +/-  0.031

18:57 INFO    : Writing samples file to /home/liteul/memoir_code/170817_incl_priors/4096incl_prior_posterior_samples.dat
