17:01 INFO    : Running for label '4096incl_prior_tf', output will be saved to '170817_incl_priors'
17:01 INFO    : Analysis priors:
17:01 INFO    : KNphi=Uniform(minimum=15.0, maximum=75.0, name='KNphi', latex_label='$\\Phi(deg)$', unit=None, boundary=None)
17:01 INFO    : log10_mej_dyn=Uniform(minimum=-3.0, maximum=-1.0, name='log10_mej_dyn', latex_label='$\\log_{10}M^{\\rm{dyn}}_{\\rm{ej}}$', unit=None, boundary='reflective')
17:01 INFO    : log10_mej_wind=Uniform(minimum=-3.0, maximum=-0.5, name='log10_mej_wind', latex_label='$\\log_{10}M^{\\rm{wind}}_{\\rm{ej}}$', unit=None, boundary='reflective')
17:01 INFO    : inclination_EM=Uniform(minimum=0.3175604292915215, maximum=0.4275122649448695, name='inclination_EM', latex_label='$\\iota(rad)$', unit=None, boundary=None)
17:01 INFO    : luminosity_distance=Uniform(minimum=35, maximum=45, name='luminosity_distance', latex_label='$D_L$', unit=None, boundary=None)
17:01 INFO    : timeshift=Uniform(minimum=-2.0, maximum=1.0, name='timeshift', latex_label='t', unit=None, boundary=None)
17:01 INFO    : Ebv=0.0
17:01 INFO    : Analysis likelihood class: <class 'nmma.em.likelihood.OpticalLightCurve'>
17:01 INFO    : Analysis likelihood noise evidence: 0.0
17:01 INFO    : Single likelihood evaluation took 2.743e-02 s
17:01 WARNING : Supplied argument 'queue_size' not an argument of 'Pymultinest', removing.
17:01 WARNING : Supplied argument 'check_point_delta_t' not an argument of 'Pymultinest', removing.
17:01 INFO    : Using sampler Pymultinest with kwargs {'importance_nested_sampling': False, 'resume': False, 'verbose': True, 'sampling_efficiency': 'parameter', 'n_live_points': 4096, 'n_params': 6, 'n_clustering_params': None, 'wrapped_params': None, 'multimodal': True, 'const_efficiency_mode': False, 'evidence_tolerance': 0.5, 'n_iter_before_update': 100, 'null_log_evidence': -1e+90, 'max_modes': 100, 'mode_tolerance': -1e+90, 'seed': 42, 'context': 0, 'write_output': True, 'log_zero': -1e+100, 'max_iter': 0, 'init_MPI': False, 'dump_callback': <bound method Pymultinest._dump_callback of <bilby.core.sampler.pymultinest.Pymultinest object at 0x716d34132380>>}
17:01 INFO    : Global meta data was removed from the result object for compatibility. Use the `BILBY_INCLUDE_GLOBAL_METADATA` environment variable to include it. This behaviour will be removed in a future release. For more details see: https://bilby-dev.github.io/bilby/faq.html#global-meta-data
17:01 INFO    : Using temporary file /tmp/tmpjo51j_2b
17:03 INFO    : Overwriting 170817_incl_priors/pm_4096incl_prior_tf/ with /tmp/tmpjo51j_2b/
17:04 INFO    : Overwriting 170817_incl_priors/pm_4096incl_prior_tf/ with /tmp/tmpjo51j_2b/
17:05 INFO    : Overwriting 170817_incl_priors/pm_4096incl_prior_tf/ with /tmp/tmpjo51j_2b/
17:05 INFO    : Overwriting 170817_incl_priors/pm_4096incl_prior_tf/ with /tmp/tmpjo51j_2b/
17:06 INFO    : Overwriting 170817_incl_priors/pm_4096incl_prior_tf/ with /tmp/tmpjo51j_2b/
17:07 INFO    : Overwriting 170817_incl_priors/pm_4096incl_prior_tf/ with /tmp/tmpjo51j_2b/
17:08 INFO    : Overwriting 170817_incl_priors/pm_4096incl_prior_tf/ with /tmp/tmpjo51j_2b/
17:09 INFO    : Overwriting 170817_incl_priors/pm_4096incl_prior_tf/ with /tmp/tmpjo51j_2b/
17:09 INFO    : Overwriting 170817_incl_priors/pm_4096incl_prior_tf/ with /tmp/tmpjo51j_2b/
17:10 INFO    : Overwriting 170817_incl_priors/pm_4096incl_prior_tf/ with /tmp/tmpjo51j_2b/
17:11 INFO    : Overwriting 170817_incl_priors/pm_4096incl_prior_tf/ with /tmp/tmpjo51j_2b/
17:12 INFO    : Overwriting 170817_incl_priors/pm_4096incl_prior_tf/ with /tmp/tmpjo51j_2b/
17:13 INFO    : Overwriting 170817_incl_priors/pm_4096incl_prior_tf/ with /tmp/tmpjo51j_2b/
17:14 INFO    : Overwriting 170817_incl_priors/pm_4096incl_prior_tf/ with /tmp/tmpjo51j_2b/
17:15 INFO    : Overwriting 170817_incl_priors/pm_4096incl_prior_tf/ with /tmp/tmpjo51j_2b/
17:16 INFO    : Overwriting 170817_incl_priors/pm_4096incl_prior_tf/ with /tmp/tmpjo51j_2b/
17:16 INFO    : Overwriting 170817_incl_priors/pm_4096incl_prior_tf/ with /tmp/tmpjo51j_2b/
17:17 INFO    : Overwriting 170817_incl_priors/pm_4096incl_prior_tf/ with /tmp/tmpjo51j_2b/
17:18 INFO    : Overwriting 170817_incl_priors/pm_4096incl_prior_tf/ with /tmp/tmpjo51j_2b/
17:19 INFO    : Overwriting 170817_incl_priors/pm_4096incl_prior_tf/ with /tmp/tmpjo51j_2b/
17:20 INFO    : Overwriting 170817_incl_priors/pm_4096incl_prior_tf/ with /tmp/tmpjo51j_2b/
17:21 INFO    : Overwriting 170817_incl_priors/pm_4096incl_prior_tf/ with /tmp/tmpjo51j_2b/
17:22 INFO    : Overwriting 170817_incl_priors/pm_4096incl_prior_tf/ with /tmp/tmpjo51j_2b/
17:23 INFO    : Overwriting 170817_incl_priors/pm_4096incl_prior_tf/ with /tmp/tmpjo51j_2b/
17:24 INFO    : Overwriting 170817_incl_priors/pm_4096incl_prior_tf/ with /tmp/tmpjo51j_2b/
17:25 INFO    : Overwriting 170817_incl_priors/pm_4096incl_prior_tf/ with /tmp/tmpjo51j_2b/
17:26 INFO    : Overwriting 170817_incl_priors/pm_4096incl_prior_tf/ with /tmp/tmpjo51j_2b/
17:27 INFO    : Overwriting 170817_incl_priors/pm_4096incl_prior_tf/ with /tmp/tmpjo51j_2b/
17:28 INFO    : Overwriting 170817_incl_priors/pm_4096incl_prior_tf/ with /tmp/tmpjo51j_2b/
17:29 INFO    : Overwriting 170817_incl_priors/pm_4096incl_prior_tf/ with /tmp/tmpjo51j_2b/
17:29 INFO    : Overwriting 170817_incl_priors/pm_4096incl_prior_tf/ with /tmp/tmpjo51j_2b/
17:29 INFO    : Overwriting 170817_incl_priors/pm_4096incl_prior_tf/ with /tmp/tmpjo51j_2b/
17:29 INFO    : Sampling time: 0:28:25.402776
17:29 INFO    : Summary of results:
nsamples: 20740
ln_noise_evidence:  0.000
ln_evidence: -187.487 +/-  0.031
ln_bayes_factor: -187.487 +/-  0.031

17:29 INFO    : Writing samples file to /home/liteul/memoir_code/170817_incl_priors/4096incl_prior_tf_posterior_samples.dat
